2024-01-12 05:00:08,930 [INFO] from play.api.db.DefaultDBApi in play-dev-mode-akka.actor.default-dispatcher-8 - Database [default] initialized
2024-01-12 05:00:09,885 [INFO] from play.api.db.HikariCPConnectionPool in play-dev-mode-akka.actor.default-dispatcher-8 - Creating Pool for datasource 'default'
2024-01-12 05:00:13,101 [INFO] from play.api.db.HikariCPConnectionPool in play-dev-mode-akka.actor.default-dispatcher-8 - datasource [default] bound to JNDI as DefaultDS
2024-01-12 05:00:13,955 [INFO] from akka.event.slf4j.Slf4jLogger in application-akka.actor.default-dispatcher-5 - Slf4jLogger started
2024-01-12 05:00:19,512 [INFO] from play.api.Play in play-dev-mode-akka.actor.default-dispatcher-8 - Application started (Dev) (no global state)
2024-01-12 05:00:38,956 [WARN] from org.hibernate.orm.deprecation in play-dev-mode-akka.actor.default-dispatcher-15 - HHH90000025: MySQLDialect does not need to be specified explicitly using 'hibernate.dialect' (remove the property setting and it will be selected by default)
2024-01-12 05:05:13,036 [INFO] from akka.actor.CoordinatedShutdown in application-akka.actor.default-dispatcher-5 - Running CoordinatedShutdown with reason [ApplicationStoppedReason]
2024-01-12 05:05:13,312 [INFO] from play.api.db.HikariCPConnectionPool in application-akka.actor.internal-dispatcher-13 - Shutting down connection pool.
2024-01-12 05:05:17,692 [INFO] from play.api.http.HttpErrorHandlerExceptions in play-dev-mode-akka.actor.default-dispatcher-6 - Registering exception handler: guice-provision-exception-handler
2024-01-12 05:05:19,671 [INFO] from play.api.db.DefaultDBApi in play-dev-mode-akka.actor.default-dispatcher-6 - Database [default] initialized
2024-01-12 05:05:19,673 [INFO] from play.api.db.HikariCPConnectionPool in play-dev-mode-akka.actor.default-dispatcher-6 - Creating Pool for datasource 'default'
2024-01-12 05:05:19,805 [INFO] from play.api.db.HikariCPConnectionPool in play-dev-mode-akka.actor.default-dispatcher-6 - datasource [default] bound to JNDI as DefaultDS
2024-01-12 05:05:20,087 [INFO] from akka.event.slf4j.Slf4jLogger in application-akka.actor.default-dispatcher-5 - Slf4jLogger started
2024-01-12 05:05:20,780 [INFO] from play.api.Play in play-dev-mode-akka.actor.default-dispatcher-6 - Application started (Dev) (no global state)
2024-01-12 05:05:21,794 [WARN] from org.hibernate.orm.deprecation in play-dev-mode-akka.actor.default-dispatcher-6 - HHH90000025: MySQLDialect does not need to be specified explicitly using 'hibernate.dialect' (remove the property setting and it will be selected by default)
2024-01-12 05:12:19,597 [INFO] from play.api.internal.libs.concurrent.CoordinatedShutdownSupport in pool-20-thread-4 - Starting synchronous coordinated shutdown with ServerStoppedReason reason and 40000 milliseconds timeout
2024-01-12 05:12:19,622 [INFO] from akka.actor.CoordinatedShutdown in play-dev-mode-akka.actor.default-dispatcher-9 - Running CoordinatedShutdown with reason [ServerStoppedReason]
2024-01-12 05:12:19,623 [INFO] from play.core.server.AkkaHttpServer in pool-20-thread-4 - Stopping Akka HTTP server...
2024-01-12 05:12:19,625 [INFO] from play.core.server.AkkaHttpServer in play-dev-mode-akka.actor.internal-dispatcher-26 - Unbinding /[0:0:0:0:0:0:0:0]:9000
2024-01-12 05:12:19,977 [INFO] from play.core.server.AkkaHttpServer in play-dev-mode-akka.actor.internal-dispatcher-26 - Terminating server binding for /[0:0:0:0:0:0:0:0]:9000
2024-01-12 05:12:20,042 [INFO] from akka.actor.CoordinatedShutdown in application-akka.actor.default-dispatcher-6 - Running CoordinatedShutdown with reason [ApplicationStoppedReason]
2024-01-12 05:12:20,164 [INFO] from play.api.db.HikariCPConnectionPool in application-akka.actor.internal-dispatcher-7 - Shutting down connection pool.
2024-01-12 05:12:20,394 [INFO] from play.core.server.AkkaHttpServer in play-dev-mode-akka.actor.internal-dispatcher-29 - Running provided shutdown stop hooks
